<?xml version="1.0" encoding="UTF-8"?>
<!-- Generated by org.testng.reporters.JUnitReportReporter -->
<testsuite hostname="Aravindh-PL" failures="0" tests="1" name="tests.AppiumCapabalities" time="0.019" errors="0" timestamp="2020-07-16T10:19:17 IST" skipped="0">
  <testcase classname="tests.AppiumCapabalities" name="samplerun" time="0.019"/>
  <system-out/>
</testsuite> <!-- tests.AppiumCapabalities -->
