<?xml version="1.0" encoding="UTF-8"?>
<!-- Generated by org.testng.reporters.JUnitReportReporter -->
<testsuite hostname="Aravindh-PL" failures="0" tests="2" name="tests.AppiumCapabalities" time="4.283" errors="0" timestamp="2020-07-11T11:38:22 IST" skipped="0">
  <testcase classname="tests.AppiumCapabalities" name="searchData" time="4.273"/>
  <system-out/>
  <testcase classname="tests.AppiumCapabalities" name="samplerun" time="0.010"/>
  <system-out/>
</testsuite> <!-- tests.AppiumCapabalities -->
